0 info it worked if it ends with ok
1 warn npm npm does not support Node.js v0.10.48
2 warn npm You should probably upgrade to a newer version of node as we
3 warn npm can't make any promises that npm will work with this version.
4 warn npm You can find the latest version at https://nodejs.org/
5 verbose cli [ 'node', '/usr/bin/npm', 'install', '--save', 'angular_devise' ]
6 info using npm@4.1.2
7 info using node@v0.10.48
8 verbose node symlink /usr/bin/node
9 silly loadCurrentTree Starting
10 silly install loadCurrentTree
11 silly install readLocalPackageData
12 silly fetchPackageMetaData angular_devise
13 silly fetchNamedPackageData angular_devise
14 silly mapToRegistry name angular_devise
15 silly mapToRegistry using default registry
16 silly mapToRegistry registry https://registry.npmjs.org/
17 silly mapToRegistry data { raw: 'angular_devise',
17 silly mapToRegistry   scope: null,
17 silly mapToRegistry   escapedName: 'angular_devise',
17 silly mapToRegistry   name: 'angular_devise',
17 silly mapToRegistry   rawSpec: '',
17 silly mapToRegistry   spec: 'latest',
17 silly mapToRegistry   type: 'tag' }
18 silly mapToRegistry uri https://registry.npmjs.org/angular_devise
19 verbose request uri https://registry.npmjs.org/angular_devise
20 verbose request no auth needed
21 info attempt registry request try #1 at 18:15:30
22 verbose request id d7dc941e6285b630
23 http request GET https://registry.npmjs.org/angular_devise
24 http 404 https://registry.npmjs.org/angular_devise
25 verbose headers { 'content-type': 'application/json',
25 verbose headers   'cache-control': 'max-age=0',
25 verbose headers   'content-length': '2',
25 verbose headers   'accept-ranges': 'bytes',
25 verbose headers   date: 'Thu, 26 Jan 2017 16:15:30 GMT',
25 verbose headers   via: '1.1 varnish',
25 verbose headers   age: '0',
25 verbose headers   connection: 'keep-alive',
25 verbose headers   'x-served-by': 'cache-ams4427-AMS',
25 verbose headers   'x-cache': 'MISS',
25 verbose headers   'x-cache-hits': '0',
25 verbose headers   'x-timer': 'S1485447330.182358,VS0,VE718',
25 verbose headers   vary: 'Accept-Encoding' }
26 silly get cb [ 404,
26 silly get   { 'content-type': 'application/json',
26 silly get     'cache-control': 'max-age=0',
26 silly get     'content-length': '2',
26 silly get     'accept-ranges': 'bytes',
26 silly get     date: 'Thu, 26 Jan 2017 16:15:30 GMT',
26 silly get     via: '1.1 varnish',
26 silly get     age: '0',
26 silly get     connection: 'keep-alive',
26 silly get     'x-served-by': 'cache-ams4427-AMS',
26 silly get     'x-cache': 'MISS',
26 silly get     'x-cache-hits': '0',
26 silly get     'x-timer': 'S1485447330.182358,VS0,VE718',
26 silly get     vary: 'Accept-Encoding' } ]
27 silly fetchPackageMetaData Error: Registry returned 404 for GET on https://registry.npmjs.org/angular_devise
27 silly fetchPackageMetaData     at makeError (/usr/lib/node_modules/npm/node_modules/npm-registry-client/lib/request.js:304:12)
27 silly fetchPackageMetaData     at CachingRegistryClient.<anonymous> (/usr/lib/node_modules/npm/node_modules/npm-registry-client/lib/request.js:282:14)
27 silly fetchPackageMetaData     at Request._callback (/usr/lib/node_modules/npm/node_modules/npm-registry-client/lib/request.js:212:14)
27 silly fetchPackageMetaData     at Request.self.callback (/usr/lib/node_modules/npm/node_modules/request/request.js:186:22)
27 silly fetchPackageMetaData     at Request.emit (events.js:98:17)
27 silly fetchPackageMetaData     at Request.<anonymous> (/usr/lib/node_modules/npm/node_modules/request/request.js:1081:10)
27 silly fetchPackageMetaData     at Request.emit (events.js:95:17)
27 silly fetchPackageMetaData     at IncomingMessage.<anonymous> (/usr/lib/node_modules/npm/node_modules/request/request.js:1001:12)
27 silly fetchPackageMetaData     at IncomingMessage.g (events.js:180:16)
27 silly fetchPackageMetaData     at IncomingMessage.emit (events.js:117:20)
27 silly fetchPackageMetaData  error for angular_devise { [Error: Registry returned 404 for GET on https://registry.npmjs.org/angular_devise] pkgid: 'angular_devise', statusCode: 404, code: 'E404' }
28 silly rollbackFailedOptional Starting
29 silly rollbackFailedOptional Finishing
30 silly runTopLevelLifecycles Finishing
31 silly install printInstalled
32 verbose stack Error: Registry returned 404 for GET on https://registry.npmjs.org/angular_devise
32 verbose stack     at makeError (/usr/lib/node_modules/npm/node_modules/npm-registry-client/lib/request.js:304:12)
32 verbose stack     at CachingRegistryClient.<anonymous> (/usr/lib/node_modules/npm/node_modules/npm-registry-client/lib/request.js:282:14)
32 verbose stack     at Request._callback (/usr/lib/node_modules/npm/node_modules/npm-registry-client/lib/request.js:212:14)
32 verbose stack     at Request.self.callback (/usr/lib/node_modules/npm/node_modules/request/request.js:186:22)
32 verbose stack     at Request.emit (events.js:98:17)
32 verbose stack     at Request.<anonymous> (/usr/lib/node_modules/npm/node_modules/request/request.js:1081:10)
32 verbose stack     at Request.emit (events.js:95:17)
32 verbose stack     at IncomingMessage.<anonymous> (/usr/lib/node_modules/npm/node_modules/request/request.js:1001:12)
32 verbose stack     at IncomingMessage.g (events.js:180:16)
32 verbose stack     at IncomingMessage.emit (events.js:117:20)
33 verbose statusCode 404
34 verbose pkgid angular_devise
35 verbose cwd /home/oleh/test-work/websockets-test-cs
36 error Linux 4.4.0-59-generic
37 error argv "node" "/usr/bin/npm" "install" "--save" "angular_devise"
38 error node v0.10.48
39 error npm  v4.1.2
40 error code E404
41 error 404 Registry returned 404 for GET on https://registry.npmjs.org/angular_devise
42 error 404
43 error 404 'angular_devise' is not in the npm registry.
44 error 404 You should bug the author to publish it (or use the name yourself!)
45 error 404 Note that you can also install from a
46 error 404 tarball, folder, http url, or git url.
47 verbose exit [ 1, true ]
